<?xml version="1.0" encoding="UTF-8"?>
<testng-results ignored="0" total="1" passed="0" failed="0" skipped="1">
  <reporter-output>
  </reporter-output>
  <suite started-at="2021-03-14T08:43:18 GMT-07:00" name="Default suite" finished-at="2021-03-14T08:43:26 GMT-07:00" duration-ms="7645">
    <groups>
    </groups>
    <test started-at="2021-03-14T08:43:18 GMT-07:00" name="Default test" finished-at="2021-03-14T08:43:26 GMT-07:00" duration-ms="7645">
      <class name="com.crm.autodesk.organisationTest.createOrganisation1">
        <test-method is-config="true" signature="confiBS()[pri:0, instance:com.crm.autodesk.organisationTest.createOrganisation1@31e5415e]" started-at="2021-03-14T08:43:17 GMT-07:00" name="confiBS" finished-at="2021-03-14T08:43:18 GMT-07:00" duration-ms="1539" status="PASS">
          <reporter-output>
          </reporter-output>
        </test-method> <!-- confiBS -->
        <test-method is-config="true" signature="confiBC()[pri:0, instance:com.crm.autodesk.organisationTest.createOrganisation1@31e5415e]" started-at="2021-03-14T08:43:19 GMT-07:00" name="confiBC" finished-at="2021-03-14T08:43:26 GMT-07:00" duration-ms="7333" status="FAIL">
          <exception class="org.openqa.selenium.SessionNotCreatedException">
            <message>
              <![CDATA[session not created: This version of ChromeDriver only supports Chrome version 87
Current browser version is 89.0.4389.82 with binary path C:\Program Files\Google\Chrome\Application\chrome.exe
Build info: version: '3.141.59', revision: 'e82be7d358', time: '2018-11-14T08:25:48'
System info: host: 'LAPTOP-V4H52QRD', ip: '127.0.0.1', os.name: 'Windows 10', os.arch: 'amd64', os.version: '10.0', java.version: '15.0.1'
Driver info: driver.version: ChromeDriver
remote stacktrace: Backtrace:
Ordinal0 [0x0132C0C3+3326147]
Ordinal0 [0x01210851+2164817]
Ordinal0 [0x01097298+619160]
Ordinal0 [0x01011D92+73106]
Ordinal0 [0x0100E119+57625]
Ordinal0 [0x0100C38A+50058]
Ordinal0 [0x01035F3E+220990]
Ordinal0 [0x01035CAC+220332]
Ordinal0 [0x0103189B+202907]
Ordinal0 [0x01013DF4+81396]
Ordinal0 [0x01014DEE+85486]
Ordinal0 [0x01014D79+85369]
Ordinal0 [0x012285DC+2262492]
GetHandleVerifier [0x014B2874+1487204]
GetHandleVerifier [0x014B23CD+1486013]
GetHandleVerifier [0x014BA368+1518680]
GetHandleVerifier [0x014B2F4E+1488958]
Ordinal0 [0x0121ED0D+2223373]
Ordinal0 [0x0122A12B+2269483]
Ordinal0 [0x0122A26F+2269807]
Ordinal0 [0x0123ECB8+2354360]
BaseThreadInitThunk [0x75E66359+25]
RtlGetAppContainerNamedObjectPath [0x77248944+228]
RtlGetAppContainerNamedObjectPath [0x77248914+180]
]]>
            </message>
            <full-stacktrace>
              <![CDATA[org.openqa.selenium.SessionNotCreatedException: session not created: This version of ChromeDriver only supports Chrome version 87
Current browser version is 89.0.4389.82 with binary path C:\Program Files\Google\Chrome\Application\chrome.exe
Build info: version: '3.141.59', revision: 'e82be7d358', time: '2018-11-14T08:25:48'
System info: host: 'LAPTOP-V4H52QRD', ip: '127.0.0.1', os.name: 'Windows 10', os.arch: 'amd64', os.version: '10.0', java.version: '15.0.1'
Driver info: driver.version: ChromeDriver
remote stacktrace: Backtrace:
Ordinal0 [0x0132C0C3+3326147]
Ordinal0 [0x01210851+2164817]
Ordinal0 [0x01097298+619160]
Ordinal0 [0x01011D92+73106]
Ordinal0 [0x0100E119+57625]
Ordinal0 [0x0100C38A+50058]
Ordinal0 [0x01035F3E+220990]
Ordinal0 [0x01035CAC+220332]
Ordinal0 [0x0103189B+202907]
Ordinal0 [0x01013DF4+81396]
Ordinal0 [0x01014DEE+85486]
Ordinal0 [0x01014D79+85369]
Ordinal0 [0x012285DC+2262492]
GetHandleVerifier [0x014B2874+1487204]
GetHandleVerifier [0x014B23CD+1486013]
GetHandleVerifier [0x014BA368+1518680]
GetHandleVerifier [0x014B2F4E+1488958]
Ordinal0 [0x0121ED0D+2223373]
Ordinal0 [0x0122A12B+2269483]
Ordinal0 [0x0122A26F+2269807]
Ordinal0 [0x0123ECB8+2354360]
BaseThreadInitThunk [0x75E66359+25]
RtlGetAppContainerNamedObjectPath [0x77248944+228]
RtlGetAppContainerNamedObjectPath [0x77248914+180]

at java.base/jdk.internal.reflect.NativeConstructorAccessorImpl.newInstance0(Native Method)
at java.base/jdk.internal.reflect.NativeConstructorAccessorImpl.newInstance(NativeConstructorAccessorImpl.java:64)
at java.base/jdk.internal.reflect.DelegatingConstructorAccessorImpl.newInstance(DelegatingConstructorAccessorImpl.java:45)
at java.base/java.lang.reflect.Constructor.newInstanceWithCaller(Constructor.java:500)
at java.base/java.lang.reflect.Constructor.newInstance(Constructor.java:481)
at org.openqa.selenium.remote.W3CHandshakeResponse.lambda$errorHandler$0(W3CHandshakeResponse.java:62)
at org.openqa.selenium.remote.HandshakeResponse.lambda$getResponseFunction$0(HandshakeResponse.java:30)
at org.openqa.selenium.remote.ProtocolHandshake.lambda$createSession$0(ProtocolHandshake.java:126)
at java.base/java.util.stream.ReferencePipeline$3$1.accept(ReferencePipeline.java:195)
at java.base/java.util.Spliterators$ArraySpliterator.tryAdvance(Spliterators.java:958)
at java.base/java.util.stream.ReferencePipeline.forEachWithCancel(ReferencePipeline.java:127)
at java.base/java.util.stream.AbstractPipeline.copyIntoWithCancel(AbstractPipeline.java:502)
at java.base/java.util.stream.AbstractPipeline.copyInto(AbstractPipeline.java:488)
at java.base/java.util.stream.AbstractPipeline.wrapAndCopyInto(AbstractPipeline.java:474)
at java.base/java.util.stream.FindOps$FindOp.evaluateSequential(FindOps.java:150)
at java.base/java.util.stream.AbstractPipeline.evaluate(AbstractPipeline.java:234)
at java.base/java.util.stream.ReferencePipeline.findFirst(ReferencePipeline.java:543)
at org.openqa.selenium.remote.ProtocolHandshake.createSession(ProtocolHandshake.java:128)
at org.openqa.selenium.remote.ProtocolHandshake.createSession(ProtocolHandshake.java:74)
at org.openqa.selenium.remote.HttpCommandExecutor.execute(HttpCommandExecutor.java:136)
at org.openqa.selenium.remote.service.DriverCommandExecutor.execute(DriverCommandExecutor.java:83)
at org.openqa.selenium.remote.RemoteWebDriver.execute(RemoteWebDriver.java:552)
at org.openqa.selenium.remote.RemoteWebDriver.startSession(RemoteWebDriver.java:213)
at org.openqa.selenium.remote.RemoteWebDriver.<init>(RemoteWebDriver.java:131)
at org.openqa.selenium.chrome.ChromeDriver.<init>(ChromeDriver.java:181)
at org.openqa.selenium.chrome.ChromeDriver.<init>(ChromeDriver.java:168)
at org.openqa.selenium.chrome.ChromeDriver.<init>(ChromeDriver.java:123)
at com.vtiger.genericRepository.Baseclass.confiBC(Baseclass.java:45)
at java.base/jdk.internal.reflect.NativeMethodAccessorImpl.invoke0(Native Method)
at java.base/jdk.internal.reflect.NativeMethodAccessorImpl.invoke(NativeMethodAccessorImpl.java:64)
at java.base/jdk.internal.reflect.DelegatingMethodAccessorImpl.invoke(DelegatingMethodAccessorImpl.java:43)
at java.base/java.lang.reflect.Method.invoke(Method.java:564)
at org.testng.internal.MethodInvocationHelper.invokeMethod(MethodInvocationHelper.java:132)
at org.testng.internal.MethodInvocationHelper.invokeMethodConsideringTimeout(MethodInvocationHelper.java:61)
at org.testng.internal.ConfigInvoker.invokeConfigurationMethod(ConfigInvoker.java:366)
at org.testng.internal.ConfigInvoker.invokeConfigurations(ConfigInvoker.java:320)
at org.testng.internal.TestMethodWorker.invokeBeforeClassMethods(TestMethodWorker.java:176)
at org.testng.internal.TestMethodWorker.run(TestMethodWorker.java:122)
at java.base/java.util.ArrayList.forEach(ArrayList.java:1511)
at org.testng.TestRunner.privateRun(TestRunner.java:764)
at org.testng.TestRunner.run(TestRunner.java:585)
at org.testng.SuiteRunner.runTest(SuiteRunner.java:384)
at org.testng.SuiteRunner.runSequentially(SuiteRunner.java:378)
at org.testng.SuiteRunner.privateRun(SuiteRunner.java:337)
at org.testng.SuiteRunner.run(SuiteRunner.java:286)
at org.testng.SuiteRunnerWorker.runSuite(SuiteRunnerWorker.java:53)
at org.testng.SuiteRunnerWorker.run(SuiteRunnerWorker.java:96)
at org.testng.TestNG.runSuitesSequentially(TestNG.java:1218)
at org.testng.TestNG.runSuitesLocally(TestNG.java:1140)
at org.testng.TestNG.runSuites(TestNG.java:1069)
at org.testng.TestNG.run(TestNG.java:1037)
at org.testng.remote.AbstractRemoteTestNG.run(AbstractRemoteTestNG.java:115)
at org.testng.remote.RemoteTestNG.initAndRun(RemoteTestNG.java:251)
at org.testng.remote.RemoteTestNG.main(RemoteTestNG.java:77)
]]>
            </full-stacktrace>
          </exception> <!-- org.openqa.selenium.SessionNotCreatedException -->
          <reporter-output>
          </reporter-output>
        </test-method> <!-- confiBC -->
        <test-method is-config="true" signature="confiBM()[pri:0, instance:com.crm.autodesk.organisationTest.createOrganisation1@31e5415e]" started-at="2021-03-14T08:43:26 GMT-07:00" name="confiBM" finished-at="1969-12-31T16:00:00 GMT-08:00" duration-ms="-1615736606477" status="SKIP">
          <reporter-output>
          </reporter-output>
        </test-method> <!-- confiBM -->
        <test-method signature="createOrganisation1()[pri:0, instance:com.crm.autodesk.organisationTest.createOrganisation1@31e5415e]" started-at="2021-03-14T08:43:26 GMT-07:00" name="createOrganisation1" finished-at="2021-03-14T08:43:26 GMT-07:00" duration-ms="0" status="SKIP">
          <exception class="org.openqa.selenium.SessionNotCreatedException">
            <message>
              <![CDATA[session not created: This version of ChromeDriver only supports Chrome version 87
Current browser version is 89.0.4389.82 with binary path C:\Program Files\Google\Chrome\Application\chrome.exe
Build info: version: '3.141.59', revision: 'e82be7d358', time: '2018-11-14T08:25:48'
System info: host: 'LAPTOP-V4H52QRD', ip: '127.0.0.1', os.name: 'Windows 10', os.arch: 'amd64', os.version: '10.0', java.version: '15.0.1'
Driver info: driver.version: ChromeDriver
remote stacktrace: Backtrace:
Ordinal0 [0x0132C0C3+3326147]
Ordinal0 [0x01210851+2164817]
Ordinal0 [0x01097298+619160]
Ordinal0 [0x01011D92+73106]
Ordinal0 [0x0100E119+57625]
Ordinal0 [0x0100C38A+50058]
Ordinal0 [0x01035F3E+220990]
Ordinal0 [0x01035CAC+220332]
Ordinal0 [0x0103189B+202907]
Ordinal0 [0x01013DF4+81396]
Ordinal0 [0x01014DEE+85486]
Ordinal0 [0x01014D79+85369]
Ordinal0 [0x012285DC+2262492]
GetHandleVerifier [0x014B2874+1487204]
GetHandleVerifier [0x014B23CD+1486013]
GetHandleVerifier [0x014BA368+1518680]
GetHandleVerifier [0x014B2F4E+1488958]
Ordinal0 [0x0121ED0D+2223373]
Ordinal0 [0x0122A12B+2269483]
Ordinal0 [0x0122A26F+2269807]
Ordinal0 [0x0123ECB8+2354360]
BaseThreadInitThunk [0x75E66359+25]
RtlGetAppContainerNamedObjectPath [0x77248944+228]
RtlGetAppContainerNamedObjectPath [0x77248914+180]
]]>
            </message>
            <full-stacktrace>
              <![CDATA[org.openqa.selenium.SessionNotCreatedException: session not created: This version of ChromeDriver only supports Chrome version 87
Current browser version is 89.0.4389.82 with binary path C:\Program Files\Google\Chrome\Application\chrome.exe
Build info: version: '3.141.59', revision: 'e82be7d358', time: '2018-11-14T08:25:48'
System info: host: 'LAPTOP-V4H52QRD', ip: '127.0.0.1', os.name: 'Windows 10', os.arch: 'amd64', os.version: '10.0', java.version: '15.0.1'
Driver info: driver.version: ChromeDriver
remote stacktrace: Backtrace:
Ordinal0 [0x0132C0C3+3326147]
Ordinal0 [0x01210851+2164817]
Ordinal0 [0x01097298+619160]
Ordinal0 [0x01011D92+73106]
Ordinal0 [0x0100E119+57625]
Ordinal0 [0x0100C38A+50058]
Ordinal0 [0x01035F3E+220990]
Ordinal0 [0x01035CAC+220332]
Ordinal0 [0x0103189B+202907]
Ordinal0 [0x01013DF4+81396]
Ordinal0 [0x01014DEE+85486]
Ordinal0 [0x01014D79+85369]
Ordinal0 [0x012285DC+2262492]
GetHandleVerifier [0x014B2874+1487204]
GetHandleVerifier [0x014B23CD+1486013]
GetHandleVerifier [0x014BA368+1518680]
GetHandleVerifier [0x014B2F4E+1488958]
Ordinal0 [0x0121ED0D+2223373]
Ordinal0 [0x0122A12B+2269483]
Ordinal0 [0x0122A26F+2269807]
Ordinal0 [0x0123ECB8+2354360]
BaseThreadInitThunk [0x75E66359+25]
RtlGetAppContainerNamedObjectPath [0x77248944+228]
RtlGetAppContainerNamedObjectPath [0x77248914+180]

at java.base/jdk.internal.reflect.NativeConstructorAccessorImpl.newInstance0(Native Method)
at java.base/jdk.internal.reflect.NativeConstructorAccessorImpl.newInstance(NativeConstructorAccessorImpl.java:64)
at java.base/jdk.internal.reflect.DelegatingConstructorAccessorImpl.newInstance(DelegatingConstructorAccessorImpl.java:45)
at java.base/java.lang.reflect.Constructor.newInstanceWithCaller(Constructor.java:500)
at java.base/java.lang.reflect.Constructor.newInstance(Constructor.java:481)
at org.openqa.selenium.remote.W3CHandshakeResponse.lambda$errorHandler$0(W3CHandshakeResponse.java:62)
at org.openqa.selenium.remote.HandshakeResponse.lambda$getResponseFunction$0(HandshakeResponse.java:30)
at org.openqa.selenium.remote.ProtocolHandshake.lambda$createSession$0(ProtocolHandshake.java:126)
at java.base/java.util.stream.ReferencePipeline$3$1.accept(ReferencePipeline.java:195)
at java.base/java.util.Spliterators$ArraySpliterator.tryAdvance(Spliterators.java:958)
at java.base/java.util.stream.ReferencePipeline.forEachWithCancel(ReferencePipeline.java:127)
at java.base/java.util.stream.AbstractPipeline.copyIntoWithCancel(AbstractPipeline.java:502)
at java.base/java.util.stream.AbstractPipeline.copyInto(AbstractPipeline.java:488)
at java.base/java.util.stream.AbstractPipeline.wrapAndCopyInto(AbstractPipeline.java:474)
at java.base/java.util.stream.FindOps$FindOp.evaluateSequential(FindOps.java:150)
at java.base/java.util.stream.AbstractPipeline.evaluate(AbstractPipeline.java:234)
at java.base/java.util.stream.ReferencePipeline.findFirst(ReferencePipeline.java:543)
at org.openqa.selenium.remote.ProtocolHandshake.createSession(ProtocolHandshake.java:128)
at org.openqa.selenium.remote.ProtocolHandshake.createSession(ProtocolHandshake.java:74)
at org.openqa.selenium.remote.HttpCommandExecutor.execute(HttpCommandExecutor.java:136)
at org.openqa.selenium.remote.service.DriverCommandExecutor.execute(DriverCommandExecutor.java:83)
at org.openqa.selenium.remote.RemoteWebDriver.execute(RemoteWebDriver.java:552)
at org.openqa.selenium.remote.RemoteWebDriver.startSession(RemoteWebDriver.java:213)
at org.openqa.selenium.remote.RemoteWebDriver.<init>(RemoteWebDriver.java:131)
at org.openqa.selenium.chrome.ChromeDriver.<init>(ChromeDriver.java:181)
at org.openqa.selenium.chrome.ChromeDriver.<init>(ChromeDriver.java:168)
at org.openqa.selenium.chrome.ChromeDriver.<init>(ChromeDriver.java:123)
at com.vtiger.genericRepository.Baseclass.confiBC(Baseclass.java:45)
at java.base/jdk.internal.reflect.NativeMethodAccessorImpl.invoke0(Native Method)
at java.base/jdk.internal.reflect.NativeMethodAccessorImpl.invoke(NativeMethodAccessorImpl.java:64)
at java.base/jdk.internal.reflect.DelegatingMethodAccessorImpl.invoke(DelegatingMethodAccessorImpl.java:43)
at java.base/java.lang.reflect.Method.invoke(Method.java:564)
at org.testng.internal.MethodInvocationHelper.invokeMethod(MethodInvocationHelper.java:132)
at org.testng.internal.MethodInvocationHelper.invokeMethodConsideringTimeout(MethodInvocationHelper.java:61)
at org.testng.internal.ConfigInvoker.invokeConfigurationMethod(ConfigInvoker.java:366)
at org.testng.internal.ConfigInvoker.invokeConfigurations(ConfigInvoker.java:320)
at org.testng.internal.TestMethodWorker.invokeBeforeClassMethods(TestMethodWorker.java:176)
at org.testng.internal.TestMethodWorker.run(TestMethodWorker.java:122)
at java.base/java.util.ArrayList.forEach(ArrayList.java:1511)
at org.testng.TestRunner.privateRun(TestRunner.java:764)
at org.testng.TestRunner.run(TestRunner.java:585)
at org.testng.SuiteRunner.runTest(SuiteRunner.java:384)
at org.testng.SuiteRunner.runSequentially(SuiteRunner.java:378)
at org.testng.SuiteRunner.privateRun(SuiteRunner.java:337)
at org.testng.SuiteRunner.run(SuiteRunner.java:286)
at org.testng.SuiteRunnerWorker.runSuite(SuiteRunnerWorker.java:53)
at org.testng.SuiteRunnerWorker.run(SuiteRunnerWorker.java:96)
at org.testng.TestNG.runSuitesSequentially(TestNG.java:1218)
at org.testng.TestNG.runSuitesLocally(TestNG.java:1140)
at org.testng.TestNG.runSuites(TestNG.java:1069)
at org.testng.TestNG.run(TestNG.java:1037)
at org.testng.remote.AbstractRemoteTestNG.run(AbstractRemoteTestNG.java:115)
at org.testng.remote.RemoteTestNG.initAndRun(RemoteTestNG.java:251)
at org.testng.remote.RemoteTestNG.main(RemoteTestNG.java:77)
]]>
            </full-stacktrace>
          </exception> <!-- org.openqa.selenium.SessionNotCreatedException -->
          <reporter-output>
          </reporter-output>
        </test-method> <!-- createOrganisation1 -->
        <test-method is-config="true" signature="confiAM()[pri:0, instance:com.crm.autodesk.organisationTest.createOrganisation1@31e5415e]" started-at="2021-03-14T08:43:26 GMT-07:00" name="confiAM" finished-at="1969-12-31T16:00:00 GMT-08:00" duration-ms="-1615736606581" status="SKIP">
          <reporter-output>
          </reporter-output>
        </test-method> <!-- confiAM -->
        <test-method is-config="true" signature="confiAC()[pri:0, instance:com.crm.autodesk.organisationTest.createOrganisation1@31e5415e]" started-at="2021-03-14T08:43:26 GMT-07:00" name="confiAC" finished-at="1969-12-31T16:00:00 GMT-08:00" duration-ms="-1615736606602" status="SKIP">
          <reporter-output>
          </reporter-output>
        </test-method> <!-- confiAC -->
        <test-method is-config="true" signature="confiAS()[pri:0, instance:com.crm.autodesk.organisationTest.createOrganisation1@31e5415e]" started-at="2021-03-14T08:43:27 GMT-07:00" name="confiAS" finished-at="2021-03-14T08:43:27 GMT-07:00" duration-ms="1" status="FAIL">
          <exception class="java.lang.NullPointerException">
            <message>
              <![CDATA[Cannot invoke "java.sql.Connection.close()" because "this.con" is null]]>
            </message>
            <full-stacktrace>
              <![CDATA[java.lang.NullPointerException: Cannot invoke "java.sql.Connection.close()" because "this.con" is null
at com.vtiger.genericRepository.DataBaseUtilities.closeDb(DataBaseUtilities.java:38)
at com.vtiger.genericRepository.Baseclass.confiAS(Baseclass.java:95)
at java.base/jdk.internal.reflect.NativeMethodAccessorImpl.invoke0(Native Method)
at java.base/jdk.internal.reflect.NativeMethodAccessorImpl.invoke(NativeMethodAccessorImpl.java:64)
at java.base/jdk.internal.reflect.DelegatingMethodAccessorImpl.invoke(DelegatingMethodAccessorImpl.java:43)
at java.base/java.lang.reflect.Method.invoke(Method.java:564)
at org.testng.internal.MethodInvocationHelper.invokeMethod(MethodInvocationHelper.java:132)
at org.testng.internal.MethodInvocationHelper.invokeMethodConsideringTimeout(MethodInvocationHelper.java:61)
at org.testng.internal.ConfigInvoker.invokeConfigurationMethod(ConfigInvoker.java:366)
at org.testng.internal.ConfigInvoker.invokeConfigurations(ConfigInvoker.java:320)
at org.testng.SuiteRunner.privateRun(SuiteRunner.java:351)
at org.testng.SuiteRunner.run(SuiteRunner.java:286)
at org.testng.SuiteRunnerWorker.runSuite(SuiteRunnerWorker.java:53)
at org.testng.SuiteRunnerWorker.run(SuiteRunnerWorker.java:96)
at org.testng.TestNG.runSuitesSequentially(TestNG.java:1218)
at org.testng.TestNG.runSuitesLocally(TestNG.java:1140)
at org.testng.TestNG.runSuites(TestNG.java:1069)
at org.testng.TestNG.run(TestNG.java:1037)
at org.testng.remote.AbstractRemoteTestNG.run(AbstractRemoteTestNG.java:115)
at org.testng.remote.RemoteTestNG.initAndRun(RemoteTestNG.java:251)
at org.testng.remote.RemoteTestNG.main(RemoteTestNG.java:77)
]]>
            </full-stacktrace>
          </exception> <!-- java.lang.NullPointerException -->
          <reporter-output>
          </reporter-output>
        </test-method> <!-- confiAS -->
      </class> <!-- com.crm.autodesk.organisationTest.createOrganisation1 -->
    </test> <!-- Default test -->
  </suite> <!-- Default suite -->
</testng-results>
